2023/08/18 01:29:00 [notice] 1#1: using the "epoll" event method
2023/08/18 01:29:00 [notice] 1#1: nginx/1.25.2
2023/08/18 01:29:00 [notice] 1#1: built by gcc 12.2.0 (Debian 12.2.0-14) 
2023/08/18 01:29:00 [notice] 1#1: OS: Linux 6.2.0-26-generic
2023/08/18 01:29:00 [notice] 1#1: getrlimit(RLIMIT_NOFILE): 1048576:1048576
2023/08/18 01:29:00 [notice] 1#1: start worker processes
2023/08/18 01:29:00 [notice] 1#1: start worker process 20
2023/08/18 01:29:00 [notice] 1#1: start worker process 21
2023/08/18 01:29:00 [notice] 1#1: start worker process 22
2023/08/18 01:29:00 [notice] 1#1: start worker process 23
2023/08/18 02:13:35 [notice] 1#1: signal 3 (SIGQUIT) received, shutting down
2023/08/18 02:13:35 [notice] 23#23: gracefully shutting down
2023/08/18 02:13:35 [notice] 23#23: exiting
2023/08/18 02:13:35 [notice] 20#20: gracefully shutting down
2023/08/18 02:13:35 [notice] 23#23: exit
2023/08/18 02:13:35 [notice] 20#20: exiting
2023/08/18 02:13:35 [notice] 20#20: exit
2023/08/18 02:13:35 [notice] 21#21: gracefully shutting down
2023/08/18 02:13:35 [notice] 21#21: exiting
2023/08/18 02:13:35 [notice] 21#21: exit
2023/08/18 02:13:35 [notice] 22#22: gracefully shutting down
2023/08/18 02:13:35 [notice] 22#22: exiting
2023/08/18 02:13:35 [notice] 22#22: exit
2023/08/18 02:13:35 [notice] 1#1: signal 17 (SIGCHLD) received from 23
2023/08/18 02:13:35 [notice] 1#1: worker process 23 exited with code 0
2023/08/18 02:13:35 [notice] 1#1: signal 29 (SIGIO) received
2023/08/18 02:13:35 [notice] 1#1: signal 17 (SIGCHLD) received from 21
2023/08/18 02:13:35 [notice] 1#1: worker process 21 exited with code 0
2023/08/18 02:13:35 [notice] 1#1: worker process 22 exited with code 0
2023/08/18 02:13:35 [notice] 1#1: signal 29 (SIGIO) received
2023/08/18 02:13:35 [notice] 1#1: signal 17 (SIGCHLD) received from 22
2023/08/18 02:13:35 [notice] 1#1: signal 17 (SIGCHLD) received from 20
2023/08/18 02:13:35 [notice] 1#1: worker process 20 exited with code 0
2023/08/18 02:13:35 [notice] 1#1: exit
2023/08/18 02:13:36 [notice] 1#1: using the "epoll" event method
2023/08/18 02:13:36 [notice] 1#1: nginx/1.25.2
2023/08/18 02:13:36 [notice] 1#1: built by gcc 12.2.0 (Debian 12.2.0-14) 
2023/08/18 02:13:36 [notice] 1#1: OS: Linux 6.2.0-26-generic
2023/08/18 02:13:36 [notice] 1#1: getrlimit(RLIMIT_NOFILE): 1048576:1048576
2023/08/18 02:13:36 [notice] 1#1: start worker processes
2023/08/18 02:13:36 [notice] 1#1: start worker process 19
2023/08/18 02:13:36 [notice] 1#1: start worker process 20
2023/08/18 02:13:36 [notice] 1#1: start worker process 21
2023/08/18 02:13:36 [notice] 1#1: start worker process 22
2023/08/18 02:23:29 [notice] 1#1: signal 3 (SIGQUIT) received, shutting down
2023/08/18 02:23:29 [notice] 20#20: gracefully shutting down
2023/08/18 02:23:29 [notice] 19#19: gracefully shutting down
2023/08/18 02:23:29 [notice] 20#20: exiting
2023/08/18 02:23:29 [notice] 19#19: exiting
2023/08/18 02:23:29 [notice] 21#21: gracefully shutting down
2023/08/18 02:23:29 [notice] 19#19: exit
2023/08/18 02:23:29 [notice] 20#20: exit
2023/08/18 02:23:29 [notice] 22#22: gracefully shutting down
2023/08/18 02:23:29 [notice] 22#22: exiting
2023/08/18 02:23:29 [notice] 22#22: exit
2023/08/18 02:23:29 [notice] 1#1: signal 17 (SIGCHLD) received from 20
2023/08/18 02:23:29 [notice] 1#1: worker process 20 exited with code 0
2023/08/18 02:23:29 [notice] 1#1: signal 29 (SIGIO) received
2023/08/18 02:23:29 [notice] 1#1: signal 17 (SIGCHLD) received from 22
2023/08/18 02:23:29 [notice] 1#1: worker process 22 exited with code 0
2023/08/18 02:23:29 [notice] 1#1: signal 29 (SIGIO) received
2023/08/18 02:23:29 [notice] 1#1: signal 17 (SIGCHLD) received from 19
2023/08/18 02:23:29 [notice] 1#1: worker process 19 exited with code 0
2023/08/18 02:23:29 [notice] 1#1: signal 29 (SIGIO) received
2023/08/18 02:23:40 [notice] 1#1: using the "epoll" event method
2023/08/18 02:23:40 [notice] 1#1: nginx/1.25.2
2023/08/18 02:23:40 [notice] 1#1: built by gcc 12.2.0 (Debian 12.2.0-14) 
2023/08/18 02:23:40 [notice] 1#1: OS: Linux 6.2.0-26-generic
2023/08/18 02:23:40 [notice] 1#1: getrlimit(RLIMIT_NOFILE): 1048576:1048576
2023/08/18 02:23:40 [notice] 1#1: start worker processes
2023/08/18 02:23:40 [notice] 1#1: start worker process 20
2023/08/18 02:23:40 [notice] 1#1: start worker process 21
2023/08/18 02:23:40 [notice] 1#1: start worker process 22
2023/08/18 02:23:40 [notice] 1#1: start worker process 23
2023/08/18 02:58:56 [notice] 1#1: signal 3 (SIGQUIT) received, shutting down
2023/08/18 02:58:56 [notice] 21#21: gracefully shutting down
2023/08/18 02:58:56 [notice] 22#22: gracefully shutting down
2023/08/18 02:58:56 [notice] 20#20: gracefully shutting down
2023/08/18 02:58:56 [notice] 21#21: exiting
2023/08/18 02:58:56 [notice] 22#22: exiting
2023/08/18 02:58:56 [notice] 21#21: exit
2023/08/18 02:58:56 [notice] 22#22: exit
2023/08/18 02:58:56 [notice] 20#20: exiting
2023/08/18 02:58:56 [notice] 20#20: exit
2023/08/18 02:58:56 [notice] 23#23: gracefully shutting down
2023/08/18 02:58:56 [notice] 23#23: exiting
2023/08/18 02:58:56 [notice] 23#23: exit
2023/08/18 02:58:56 [notice] 1#1: signal 17 (SIGCHLD) received from 21
2023/08/18 02:58:56 [notice] 1#1: worker process 21 exited with code 0
2023/08/18 02:58:56 [notice] 1#1: signal 29 (SIGIO) received
2023/08/18 02:58:56 [notice] 1#1: signal 17 (SIGCHLD) received from 23
2023/08/18 02:58:56 [notice] 1#1: worker process 22 exited with code 0
2023/08/18 02:58:56 [notice] 1#1: worker process 23 exited with code 0
2023/08/18 02:58:56 [notice] 1#1: signal 29 (SIGIO) received
2023/08/18 02:58:56 [notice] 1#1: signal 17 (SIGCHLD) received from 20
2023/08/18 02:58:56 [notice] 1#1: worker process 20 exited with code 0
2023/08/18 02:58:56 [notice] 1#1: exit
